{"name": "Оформить заказ, пользователь залогинен", "status": "broken", "statusDetails": {"message": "selenium.common.exceptions.NoSuchElementException: Message: Unable to locate element: //ul[@class = \"BurgerConstructor_basket__list__l9dp_\"]; For documentation on this error, please visit: https://www.selenium.dev/documentation/webdriver/troubleshooting/errors#no-such-element-exception\nStacktrace:\nRemoteError@chrome://remote/content/shared/RemoteError.sys.mjs:8:8\nWebDriverError@chrome://remote/content/shared/webdriver/Errors.sys.mjs:193:5\nNoSuchElementError@chrome://remote/content/shared/webdriver/Errors.sys.mjs:511:5\ndom.find/</<@chrome://remote/content/shared/DOM.sys.mjs:136:16", "trace": "self = <page_object.tests.test_main_page.TestMainPage object at 0x109f342c0>\ndriver = <selenium.webdriver.firefox.webdriver.WebDriver (session=\"59c44706-cc2f-4586-bfd7-d4b7f74c1e10\")>\nreturn_data_pass = {'accessToken': 'Bearer eyJhbGciOiJIUzI1NiIsInR5cCI6IkpXVCJ9.eyJpZCI6IjY2OWU1ZDhlOWVkMjgwMDAxYjQ3NTQ4NCIsImlhdCI6MTcyM...cZxk3VTdWRBT8hLQezxuU9v9MHAVqqx7X61SzHZuU', 'email': 'byyyi@gmail.com', 'name': 'bglkqwvfmp', 'password': 'xelnlnqydq'}\n\n    @allure.title('Оформить заказ, пользователь залогинен')\n    def test_make_order_user_login(self, driver, return_data_pass):\n        main_page = MainPage(driver)\n        enter_page = EnterPage(driver)\n        main_page.get_account_access()\n        enter_page.enter_account(return_data_pass)\n        driver.implicitly_wait(3)\n        main_page.add_ingredient(MainPageLocators.BUN_1)\n>       main_page.add_ingredient(MainPageLocators.SOUCE_2)\n\npage_object/tests/test_main_page.py:117: \n_ _ _ _ _ _ _ _ _ _ _ _ _ _ _ _ _ _ _ _ _ _ _ _ _ _ _ _ _ _ _ _ _ _ _ _ _ _ _ _ _ _ _ _ _ _ _ _ _ _ _ _ _ _ _ _ _ _ _ _ _ _ _ _ _ _ _ _ _ _ _ _ _ _ _ _ _ _ _ _ _ _ _ _ _ _ \npage_object/pages/main_page.py:31: in add_ingredient\n    self.drag_and_drop(ingr, MainPageLocators.BASKET)\npage_object/pages/base_page.py:50: in drag_and_drop\n    droppable = self.driver.find_element(*drop_locator)\nvenv/lib/python3.12/site-packages/selenium/webdriver/remote/webdriver.py:748: in find_element\n    return self.execute(Command.FIND_ELEMENT, {\"using\": by, \"value\": value})[\"value\"]\nvenv/lib/python3.12/site-packages/selenium/webdriver/remote/webdriver.py:354: in execute\n    self.error_handler.check_response(response)\n_ _ _ _ _ _ _ _ _ _ _ _ _ _ _ _ _ _ _ _ _ _ _ _ _ _ _ _ _ _ _ _ _ _ _ _ _ _ _ _ _ _ _ _ _ _ _ _ _ _ _ _ _ _ _ _ _ _ _ _ _ _ _ _ _ _ _ _ _ _ _ _ _ _ _ _ _ _ _ _ _ _ _ _ _ _ \n\nself = <selenium.webdriver.remote.errorhandler.ErrorHandler object at 0x10a412ff0>\nresponse = {'status': 404, 'value': '{\"value\":{\"error\":\"no such element\",\"message\":\"Unable to locate element: //ul[@class = \\\\\"Bu.../content/shared/webdriver/Errors.sys.mjs:511:5\\\\ndom.find/</<@chrome://remote/content/shared/DOM.sys.mjs:136:16\\\\n\"}}'}\n\n    def check_response(self, response: Dict[str, Any]) -> None:\n        \"\"\"Checks that a JSON response from the WebDriver does not have an\n        error.\n    \n        :Args:\n         - response - The JSON response from the WebDriver server as a dictionary\n           object.\n    \n        :Raises: If the response contains an error message.\n        \"\"\"\n        status = response.get(\"status\", None)\n        if not status or status == ErrorCode.SUCCESS:\n            return\n        value = None\n        message = response.get(\"message\", \"\")\n        screen: str = response.get(\"screen\", \"\")\n        stacktrace = None\n        if isinstance(status, int):\n            value_json = response.get(\"value\", None)\n            if value_json and isinstance(value_json, str):\n                import json\n    \n                try:\n                    value = json.loads(value_json)\n                    if len(value) == 1:\n                        value = value[\"value\"]\n                    status = value.get(\"error\", None)\n                    if not status:\n                        status = value.get(\"status\", ErrorCode.UNKNOWN_ERROR)\n                        message = value.get(\"value\") or value.get(\"message\")\n                        if not isinstance(message, str):\n                            value = message\n                            message = message.get(\"message\")\n                    else:\n                        message = value.get(\"message\", None)\n                except ValueError:\n                    pass\n    \n        exception_class: Type[WebDriverException]\n        e = ErrorCode()\n        error_codes = [item for item in dir(e) if not item.startswith(\"__\")]\n        for error_code in error_codes:\n            error_info = getattr(ErrorCode, error_code)\n            if isinstance(error_info, list) and status in error_info:\n                exception_class = getattr(ExceptionMapping, error_code, WebDriverException)\n                break\n        else:\n            exception_class = WebDriverException\n    \n        if not value:\n            value = response[\"value\"]\n        if isinstance(value, str):\n            raise exception_class(value)\n        if message == \"\" and \"message\" in value:\n            message = value[\"message\"]\n    \n        screen = None  # type: ignore[assignment]\n        if \"screen\" in value:\n            screen = value[\"screen\"]\n    \n        stacktrace = None\n        st_value = value.get(\"stackTrace\") or value.get(\"stacktrace\")\n        if st_value:\n            if isinstance(st_value, str):\n                stacktrace = st_value.split(\"\\n\")\n            else:\n                stacktrace = []\n                try:\n                    for frame in st_value:\n                        line = frame.get(\"lineNumber\", \"\")\n                        file = frame.get(\"fileName\", \"<anonymous>\")\n                        if line:\n                            file = f\"{file}:{line}\"\n                        meth = frame.get(\"methodName\", \"<anonymous>\")\n                        if \"className\" in frame:\n                            meth = f\"{frame['className']}.{meth}\"\n                        msg = \"    at %s (%s)\"\n                        msg = msg % (meth, file)\n                        stacktrace.append(msg)\n                except TypeError:\n                    pass\n        if exception_class == UnexpectedAlertPresentException:\n            alert_text = None\n            if \"data\" in value:\n                alert_text = value[\"data\"].get(\"text\")\n            elif \"alert\" in value:\n                alert_text = value[\"alert\"].get(\"text\")\n            raise exception_class(message, screen, stacktrace, alert_text)  # type: ignore[call-arg]  # mypy is not smart enough here\n>       raise exception_class(message, screen, stacktrace)\nE       selenium.common.exceptions.NoSuchElementException: Message: Unable to locate element: //ul[@class = \"BurgerConstructor_basket__list__l9dp_\"]; For documentation on this error, please visit: https://www.selenium.dev/documentation/webdriver/troubleshooting/errors#no-such-element-exception\nE       Stacktrace:\nE       RemoteError@chrome://remote/content/shared/RemoteError.sys.mjs:8:8\nE       WebDriverError@chrome://remote/content/shared/webdriver/Errors.sys.mjs:193:5\nE       NoSuchElementError@chrome://remote/content/shared/webdriver/Errors.sys.mjs:511:5\nE       dom.find/</<@chrome://remote/content/shared/DOM.sys.mjs:136:16\n\nvenv/lib/python3.12/site-packages/selenium/webdriver/remote/errorhandler.py:229: NoSuchElementException"}, "steps": [{"name": "Переход на страницу входа в аккаунт по кнопке Личный кабинет", "status": "passed", "start": 1721654670310, "stop": 1721654670649}, {"name": "Вход в аккаунт", "status": "passed", "parameters": [{"name": "return_data_pass", "value": "{'email': 'byyyi@gmail.com', 'password': 'xelnlnqydq', 'name': 'bglkqwvfmp', 'accessToken': 'Bearer eyJhbGciOiJIUzI1NiIsInR5cCI6IkpXVCJ9.eyJpZCI6IjY2OWU1ZDhlOWVkMjgwMDAxYjQ3NTQ4NCIsImlhdCI6MTcyMTY1NDY3MCwiZXhwIjoxNzIxNjU1ODcwfQ.WMcZxk3VTdWRBT8hLQezxuU9v9MHAVqqx7X61SzHZuU'}"}], "start": 1721654670649, "stop": 1721654671079}, {"name": "Добавить ингредиент в заказ", "status": "passed", "parameters": [{"name": "ingr", "value": "('xpath', '//ul[1]/a[@class = \"BurgerIngredient_ingredient__1TVf6 ml-4 mr-4 mb-8\"][1]')"}], "start": 1721654671082, "stop": 1721654671623}, {"name": "Добавить ингредиент в заказ", "status": "broken", "statusDetails": {"message": "selenium.common.exceptions.NoSuchElementException: Message: Unable to locate element: //ul[@class = \"BurgerConstructor_basket__list__l9dp_\"]; For documentation on this error, please visit: https://www.selenium.dev/documentation/webdriver/troubleshooting/errors#no-such-element-exception\nStacktrace:\nRemoteError@chrome://remote/content/shared/RemoteError.sys.mjs:8:8\nWebDriverError@chrome://remote/content/shared/webdriver/Errors.sys.mjs:193:5\nNoSuchElementError@chrome://remote/content/shared/webdriver/Errors.sys.mjs:511:5\ndom.find/</<@chrome://remote/content/shared/DOM.sys.mjs:136:16\n\n", "trace": "  File \"/Users/mariia/Reporitories/Diplom/Diplom_3/venv/lib/python3.12/site-packages/allure_commons/_allure.py\", line 192, in impl\n    return func(*a, **kw)\n           ^^^^^^^^^^^^^^\n  File \"/Users/mariia/Reporitories/Diplom/Diplom_3/page_object/pages/main_page.py\", line 31, in add_ingredient\n    self.drag_and_drop(ingr, MainPageLocators.BASKET)\n  File \"/Users/mariia/Reporitories/Diplom/Diplom_3/page_object/pages/base_page.py\", line 50, in drag_and_drop\n    droppable = self.driver.find_element(*drop_locator)\n                ^^^^^^^^^^^^^^^^^^^^^^^^^^^^^^^^^^^^^^^\n  File \"/Users/mariia/Reporitories/Diplom/Diplom_3/venv/lib/python3.12/site-packages/selenium/webdriver/remote/webdriver.py\", line 748, in find_element\n    return self.execute(Command.FIND_ELEMENT, {\"using\": by, \"value\": value})[\"value\"]\n           ^^^^^^^^^^^^^^^^^^^^^^^^^^^^^^^^^^^^^^^^^^^^^^^^^^^^^^^^^^^^^^^^^\n  File \"/Users/mariia/Reporitories/Diplom/Diplom_3/venv/lib/python3.12/site-packages/selenium/webdriver/remote/webdriver.py\", line 354, in execute\n    self.error_handler.check_response(response)\n  File \"/Users/mariia/Reporitories/Diplom/Diplom_3/venv/lib/python3.12/site-packages/selenium/webdriver/remote/errorhandler.py\", line 229, in check_response\n    raise exception_class(message, screen, stacktrace)\n"}, "parameters": [{"name": "ingr", "value": "('xpath', '//ul[2]/a[@class = \"BurgerIngredient_ingredient__1TVf6 ml-4 mr-4 mb-8\"][2]')"}], "start": 1721654671623, "stop": 1721654674640}], "parameters": [{"name": "driver", "value": "'firefox'"}], "start": 1721654670310, "stop": 1721654674642, "uuid": "a12ed939-e66e-448e-b7d4-2dcd059d1e71", "historyId": "29b39be93e9cda673f33818da121075d", "testCaseId": "f34c712635cff2bd55b789eab67dbb8b", "fullName": "page_object.tests.test_main_page.TestMainPage#test_make_order_user_login", "labels": [{"name": "parentSuite", "value": "page_object.tests"}, {"name": "suite", "value": "test_main_page"}, {"name": "subSuite", "value": "TestMainPage"}, {"name": "host", "value": "Marias-MacBook-Pro.local"}, {"name": "thread", "value": "23092-MainThread"}, {"name": "framework", "value": "pytest"}, {"name": "language", "value": "cpython3"}, {"name": "package", "value": "page_object.tests.test_main_page"}]}