{"name": "После оформления заказа его номер появляется в разделе В работе", "status": "broken", "statusDetails": {"message": "selenium.common.exceptions.ElementClickInterceptedException: Message: element click intercepted: Element <button type=\"button\" class=\"Modal_modal__close_modified__3V5XS Modal_modal__close__TnseK\">...</button> is not clickable at point (1026, 112). Other element would receive the click: <div class=\"Modal_modal_overlay__x2ZCr\"></div>\n  (Session info: chrome=126.0.6478.183)\nStacktrace:\n0   chromedriver                        0x000000010dad3078 chromedriver + 5169272\n1   chromedriver                        0x000000010dacaf4a chromedriver + 5136202\n2   chromedriver                        0x000000010d64736c chromedriver + 402284\n3   chromedriver                        0x000000010d69b6b6 chromedriver + 747190\n4   chromedriver                        0x000000010d6994e8 chromedriver + 738536\n5   chromedriver                        0x000000010d696ef7 chromedriver + 728823\n6   chromedriver                        0x000000010d695d12 chromedriver + 724242\n7   chromedriver                        0x000000010d689562 chromedriver + 673122\n8   chromedriver                        0x000000010d6b7ab2 chromedriver + 862898\n9   chromedriver                        0x000000010d688ed8 chromedriver + 671448\n10  chromedriver                        0x000000010d6b7c6e chromedriver + 863342\n11  chromedriver                        0x000000010d6d6f57 chromedriver + 991063\n12  chromedriver                        0x000000010d6b7853 chromedriver + 862291\n13  chromedriver                        0x000000010d6875c6 chromedriver + 665030\n14  chromedriver                        0x000000010d687e4e chromedriver + 667214\n15  chromedriver                        0x000000010da95c90 chromedriver + 4918416\n16  chromedriver                        0x000000010da9ac8d chromedriver + 4938893\n17  chromedriver                        0x000000010da9b365 chromedriver + 4940645\n18  chromedriver                        0x000000010da76d74 chromedriver + 4791668\n19  chromedriver                        0x000000010da9b659 chromedriver + 4941401\n20  chromedriver                        0x000000010da68544 chromedriver + 4732228\n21  chromedriver                        0x000000010dabb828 chromedriver + 5072936\n22  chromedriver                        0x000000010dabb9e7 chromedriver + 5073383\n23  chromedriver                        0x000000010dacaafe chromedriver + 5135102\n24  libsystem_pthread.dylib             0x00007ff8053851d3 _pthread_start + 125\n25  libsystem_pthread.dylib             0x00007ff805380bd3 thread_start + 15", "trace": "self = <page_object.tests.test_order_page.TestOrderPage object at 0x111e70b30>\ndriver = <selenium.webdriver.chrome.webdriver.WebDriver (session=\"d622789d6179e99b52cb4815b945fbd6\")>\nreturn_data_pass = {'accessToken': 'Bearer eyJhbGciOiJIUzI1NiIsInR5cCI6IkpXVCJ9.eyJpZCI6IjY2YTIzOTJkOWVkMjgwMDAxYjQ3YjcxYyIsImlhdCI6MTcyM...-uCDNCU2-m4exK8Vf3Ngjvy7QYmuDemIG99ugpN0Y', 'email': 'koeic@gmail.com', 'name': 'aynnvbzffz', 'password': 'yjjpfaxgkq'}\n\n    @allure.title('После оформления заказа его номер появляется в разделе В работе')\n    def test_modal_with_order_details(self, driver, return_data_pass):\n        main_page = MainPage(driver)\n        enter_page = EnterPage(driver)\n        orders_page = OrdersPage(driver)\n        header_page = HeaderPage(driver)\n        main_page.get_account_access()\n        enter_page.enter_account(return_data_pass)\n        main_page.find_buns()\n        main_page.add_ingredient(MainPageLocators.BUN_1)\n        main_page.add_ingredient(MainPageLocators.SOUCE_2)\n        main_page.add_ingredient(MainPageLocators.MAIN_4)\n        main_page.make_order_user_login()\n        number = main_page.get_number_of_order()\n>       main_page.close_modal_order()\n\npage_object/tests/test_order_page.py:109: \n_ _ _ _ _ _ _ _ _ _ _ _ _ _ _ _ _ _ _ _ _ _ _ _ _ _ _ _ _ _ _ _ _ _ _ _ _ _ _ _ _ _ _ _ _ _ _ _ _ _ _ _ _ _ _ _ _ _ _ _ _ _ _ _ _ _ _ _ _ _ _ _ _ _ _ _ _ _ _ _ _ _ _ _ _ _ \npage_object/pages/main_page.py:47: in close_modal_order\n    self.click_to_element(MainPageLocators.CROSS_MODAL_ORDER)\npage_object/pages/base_page.py:21: in click_to_element\n    self.driver.find_element(*locator).click()\nvenv/lib/python3.12/site-packages/selenium/webdriver/remote/webelement.py:94: in click\n    self._execute(Command.CLICK_ELEMENT)\nvenv/lib/python3.12/site-packages/selenium/webdriver/remote/webelement.py:395: in _execute\n    return self._parent.execute(command, params)\nvenv/lib/python3.12/site-packages/selenium/webdriver/remote/webdriver.py:354: in execute\n    self.error_handler.check_response(response)\n_ _ _ _ _ _ _ _ _ _ _ _ _ _ _ _ _ _ _ _ _ _ _ _ _ _ _ _ _ _ _ _ _ _ _ _ _ _ _ _ _ _ _ _ _ _ _ _ _ _ _ _ _ _ _ _ _ _ _ _ _ _ _ _ _ _ _ _ _ _ _ _ _ _ _ _ _ _ _ _ _ _ _ _ _ _ \n\nself = <selenium.webdriver.remote.errorhandler.ErrorHandler object at 0x1121036b0>\nresponse = {'status': 400, 'value': '{\"value\":{\"error\":\"element click intercepted\",\"message\":\"element click intercepted: Element ...ff8053851d3 _pthread_start + 125\\\\n25  libsystem_pthread.dylib             0x00007ff805380bd3 thread_start + 15\\\\n\"}}'}\n\n    def check_response(self, response: Dict[str, Any]) -> None:\n        \"\"\"Checks that a JSON response from the WebDriver does not have an\n        error.\n    \n        :Args:\n         - response - The JSON response from the WebDriver server as a dictionary\n           object.\n    \n        :Raises: If the response contains an error message.\n        \"\"\"\n        status = response.get(\"status\", None)\n        if not status or status == ErrorCode.SUCCESS:\n            return\n        value = None\n        message = response.get(\"message\", \"\")\n        screen: str = response.get(\"screen\", \"\")\n        stacktrace = None\n        if isinstance(status, int):\n            value_json = response.get(\"value\", None)\n            if value_json and isinstance(value_json, str):\n                import json\n    \n                try:\n                    value = json.loads(value_json)\n                    if len(value) == 1:\n                        value = value[\"value\"]\n                    status = value.get(\"error\", None)\n                    if not status:\n                        status = value.get(\"status\", ErrorCode.UNKNOWN_ERROR)\n                        message = value.get(\"value\") or value.get(\"message\")\n                        if not isinstance(message, str):\n                            value = message\n                            message = message.get(\"message\")\n                    else:\n                        message = value.get(\"message\", None)\n                except ValueError:\n                    pass\n    \n        exception_class: Type[WebDriverException]\n        e = ErrorCode()\n        error_codes = [item for item in dir(e) if not item.startswith(\"__\")]\n        for error_code in error_codes:\n            error_info = getattr(ErrorCode, error_code)\n            if isinstance(error_info, list) and status in error_info:\n                exception_class = getattr(ExceptionMapping, error_code, WebDriverException)\n                break\n        else:\n            exception_class = WebDriverException\n    \n        if not value:\n            value = response[\"value\"]\n        if isinstance(value, str):\n            raise exception_class(value)\n        if message == \"\" and \"message\" in value:\n            message = value[\"message\"]\n    \n        screen = None  # type: ignore[assignment]\n        if \"screen\" in value:\n            screen = value[\"screen\"]\n    \n        stacktrace = None\n        st_value = value.get(\"stackTrace\") or value.get(\"stacktrace\")\n        if st_value:\n            if isinstance(st_value, str):\n                stacktrace = st_value.split(\"\\n\")\n            else:\n                stacktrace = []\n                try:\n                    for frame in st_value:\n                        line = frame.get(\"lineNumber\", \"\")\n                        file = frame.get(\"fileName\", \"<anonymous>\")\n                        if line:\n                            file = f\"{file}:{line}\"\n                        meth = frame.get(\"methodName\", \"<anonymous>\")\n                        if \"className\" in frame:\n                            meth = f\"{frame['className']}.{meth}\"\n                        msg = \"    at %s (%s)\"\n                        msg = msg % (meth, file)\n                        stacktrace.append(msg)\n                except TypeError:\n                    pass\n        if exception_class == UnexpectedAlertPresentException:\n            alert_text = None\n            if \"data\" in value:\n                alert_text = value[\"data\"].get(\"text\")\n            elif \"alert\" in value:\n                alert_text = value[\"alert\"].get(\"text\")\n            raise exception_class(message, screen, stacktrace, alert_text)  # type: ignore[call-arg]  # mypy is not smart enough here\n>       raise exception_class(message, screen, stacktrace)\nE       selenium.common.exceptions.ElementClickInterceptedException: Message: element click intercepted: Element <button type=\"button\" class=\"Modal_modal__close_modified__3V5XS Modal_modal__close__TnseK\">...</button> is not clickable at point (1026, 112). Other element would receive the click: <div class=\"Modal_modal_overlay__x2ZCr\"></div>\nE         (Session info: chrome=126.0.6478.183)\nE       Stacktrace:\nE       0   chromedriver                        0x000000010dad3078 chromedriver + 5169272\nE       1   chromedriver                        0x000000010dacaf4a chromedriver + 5136202\nE       2   chromedriver                        0x000000010d64736c chromedriver + 402284\nE       3   chromedriver                        0x000000010d69b6b6 chromedriver + 747190\nE       4   chromedriver                        0x000000010d6994e8 chromedriver + 738536\nE       5   chromedriver                        0x000000010d696ef7 chromedriver + 728823\nE       6   chromedriver                        0x000000010d695d12 chromedriver + 724242\nE       7   chromedriver                        0x000000010d689562 chromedriver + 673122\nE       8   chromedriver                        0x000000010d6b7ab2 chromedriver + 862898\nE       9   chromedriver                        0x000000010d688ed8 chromedriver + 671448\nE       10  chromedriver                        0x000000010d6b7c6e chromedriver + 863342\nE       11  chromedriver                        0x000000010d6d6f57 chromedriver + 991063\nE       12  chromedriver                        0x000000010d6b7853 chromedriver + 862291\nE       13  chromedriver                        0x000000010d6875c6 chromedriver + 665030\nE       14  chromedriver                        0x000000010d687e4e chromedriver + 667214\nE       15  chromedriver                        0x000000010da95c90 chromedriver + 4918416\nE       16  chromedriver                        0x000000010da9ac8d chromedriver + 4938893\nE       17  chromedriver                        0x000000010da9b365 chromedriver + 4940645\nE       18  chromedriver                        0x000000010da76d74 chromedriver + 4791668\nE       19  chromedriver                        0x000000010da9b659 chromedriver + 4941401\nE       20  chromedriver                        0x000000010da68544 chromedriver + 4732228\nE       21  chromedriver                        0x000000010dabb828 chromedriver + 5072936\nE       22  chromedriver                        0x000000010dabb9e7 chromedriver + 5073383\nE       23  chromedriver                        0x000000010dacaafe chromedriver + 5135102\nE       24  libsystem_pthread.dylib             0x00007ff8053851d3 _pthread_start + 125\nE       25  libsystem_pthread.dylib             0x00007ff805380bd3 thread_start + 15\n\nvenv/lib/python3.12/site-packages/selenium/webdriver/remote/errorhandler.py:229: ElementClickInterceptedException"}, "steps": [{"name": "Переход на страницу входа в аккаунт по кнопке Личный кабинет", "status": "passed", "start": 1721907501199, "stop": 1721907501322}, {"name": "Вход в аккаунт", "status": "passed", "parameters": [{"name": "return_data_pass", "value": "{'email': 'koeic@gmail.com', 'password': 'yjjpfaxgkq', 'name': 'aynnvbzffz', 'accessToken': 'Bearer eyJhbGciOiJIUzI1NiIsInR5cCI6IkpXVCJ9.eyJpZCI6IjY2YTIzOTJkOWVkMjgwMDAxYjQ3YjcxYyIsImlhdCI6MTcyMTkwNzUwMSwiZXhwIjoxNzIxOTA4NzAxfQ.4E-uCDNCU2-m4exK8Vf3Ngjvy7QYmuDemIG99ugpN0Y'}"}], "start": 1721907501322, "stop": 1721907501756}, {"name": "Поиск раздела Булки", "status": "passed", "start": 1721907501756, "stop": 1721907502313}, {"name": "Добавить ингредиент в заказ", "status": "passed", "parameters": [{"name": "ingr", "value": "('xpath', '//a[@class = \"BurgerIngredient_ingredient__1TVf6 ml-4 mr-4 mb-8\" and @href = \"/ingredient/61c0c5a71d1f82001bdaaa6d\"]')"}], "start": 1721907502314, "stop": 1721907502890}, {"name": "Добавить ингредиент в заказ", "status": "passed", "parameters": [{"name": "ingr", "value": "('xpath', '//a[@class = \"BurgerIngredient_ingredient__1TVf6 ml-4 mr-4 mb-8\" and @href = \"/ingredient/61c0c5a71d1f82001bdaaa73\"]')"}], "start": 1721907502891, "stop": 1721907503478}, {"name": "Добавить ингредиент в заказ", "status": "passed", "parameters": [{"name": "ingr", "value": "('xpath', '//a[@class = \"BurgerIngredient_ingredient__1TVf6 ml-4 mr-4 mb-8\" and @href = \"/ingredient/61c0c5a71d1f82001bdaaa6e\"]')"}], "start": 1721907503478, "stop": 1721907504061}, {"name": "Оформить заказ, пользователь залогинен", "status": "passed", "start": 1721907504061, "stop": 1721907504143}, {"name": "Получение номера заказа", "status": "passed", "start": 1721907504143, "stop": 1721907504209}, {"name": "Закрыть окно заказа", "status": "broken", "statusDetails": {"message": "selenium.common.exceptions.ElementClickInterceptedException: Message: element click intercepted: Element <button type=\"button\" class=\"Modal_modal__close_modified__3V5XS Modal_modal__close__TnseK\">...</button> is not clickable at point (1026, 112). Other element would receive the click: <div class=\"Modal_modal_overlay__x2ZCr\"></div>\n  (Session info: chrome=126.0.6478.183)\nStacktrace:\n0   chromedriver                        0x000000010dad3078 chromedriver + 5169272\n1   chromedriver                        0x000000010dacaf4a chromedriver + 5136202\n2   chromedriver                        0x000000010d64736c chromedriver + 402284\n3   chromedriver                        0x000000010d69b6b6 chromedriver + 747190\n4   chromedriver                        0x000000010d6994e8 chromedriver + 738536\n5   chromedriver                        0x000000010d696ef7 chromedriver + 728823\n6   chromedriver                        0x000000010d695d12 chromedriver + 724242\n7   chromedriver                        0x000000010d689562 chromedriver + 673122\n8   chromedriver                        0x000000010d6b7ab2 chromedriver + 862898\n9   chromedriver                        0x000000010d688ed8 chromedriver + 671448\n10  chromedriver                        0x000000010d6b7c6e chromedriver + 863342\n11  chromedriver                        0x000000010d6d6f57 chromedriver + 991063\n12  chromedriver                        0x000000010d6b7853 chromedriver + 862291\n13  chromedriver                        0x000000010d6875c6 chromedriver + 665030\n14  chromedriver                        0x000000010d687e4e chromedriver + 667214\n15  chromedriver                        0x000000010da95c90 chromedriver + 4918416\n16  chromedriver                        0x000000010da9ac8d chromedriver + 4938893\n17  chromedriver                        0x000000010da9b365 chromedriver + 4940645\n18  chromedriver                        0x000000010da76d74 chromedriver + 4791668\n19  chromedriver                        0x000000010da9b659 chromedriver + 4941401\n20  chromedriver                        0x000000010da68544 chromedriver + 4732228\n21  chromedriver                        0x000000010dabb828 chromedriver + 5072936\n22  chromedriver                        0x000000010dabb9e7 chromedriver + 5073383\n23  chromedriver                        0x000000010dacaafe chromedriver + 5135102\n24  libsystem_pthread.dylib             0x00007ff8053851d3 _pthread_start + 125\n25  libsystem_pthread.dylib             0x00007ff805380bd3 thread_start + 15\n\n", "trace": "  File \"/Users/mariia/Reporitories/Diplom/Diplom_3/venv/lib/python3.12/site-packages/allure_commons/_allure.py\", line 192, in impl\n    return func(*a, **kw)\n           ^^^^^^^^^^^^^^\n  File \"/Users/mariia/Reporitories/Diplom/Diplom_3/page_object/pages/main_page.py\", line 47, in close_modal_order\n    self.click_to_element(MainPageLocators.CROSS_MODAL_ORDER)\n  File \"/Users/mariia/Reporitories/Diplom/Diplom_3/page_object/pages/base_page.py\", line 21, in click_to_element\n    self.driver.find_element(*locator).click()\n  File \"/Users/mariia/Reporitories/Diplom/Diplom_3/venv/lib/python3.12/site-packages/selenium/webdriver/remote/webelement.py\", line 94, in click\n    self._execute(Command.CLICK_ELEMENT)\n  File \"/Users/mariia/Reporitories/Diplom/Diplom_3/venv/lib/python3.12/site-packages/selenium/webdriver/remote/webelement.py\", line 395, in _execute\n    return self._parent.execute(command, params)\n           ^^^^^^^^^^^^^^^^^^^^^^^^^^^^^^^^^^^^^\n  File \"/Users/mariia/Reporitories/Diplom/Diplom_3/venv/lib/python3.12/site-packages/selenium/webdriver/remote/webdriver.py\", line 354, in execute\n    self.error_handler.check_response(response)\n  File \"/Users/mariia/Reporitories/Diplom/Diplom_3/venv/lib/python3.12/site-packages/selenium/webdriver/remote/errorhandler.py\", line 229, in check_response\n    raise exception_class(message, screen, stacktrace)\n"}, "start": 1721907504209, "stop": 1721907505352}], "parameters": [{"name": "driver", "value": "'chrome'"}], "start": 1721907501195, "stop": 1721907505353, "uuid": "2d72e592-1cac-4256-be34-d2ca980056c0", "historyId": "97462b4d6d2fdfff1b16cf512456e1e5", "testCaseId": "77bb1f5d6fd62b42bf133498b23ab551", "fullName": "page_object.tests.test_order_page.TestOrderPage#test_modal_with_order_details", "labels": [{"name": "parentSuite", "value": "page_object.tests"}, {"name": "suite", "value": "test_order_page"}, {"name": "subSuite", "value": "TestOrderPage"}, {"name": "host", "value": "Marias-MacBook-Pro.local"}, {"name": "thread", "value": "70002-MainThread"}, {"name": "framework", "value": "pytest"}, {"name": "language", "value": "cpython3"}, {"name": "package", "value": "page_object.tests.test_order_page"}]}